2024-04-27T17:46:52.823+0500	INFO	app/main.go:30	Listen: 	{"address": "localhost:50060"}
2024-04-30T02:12:29.205+0500	INFO	app/main.go:30	Listen: 	{"address": "localhost:50060"}
2024-04-30T02:15:26.987+0500	INFO	app/main.go:41	api gateway service stops
2024-04-30T02:15:26.987+0500	ERROR	app/main.go:32	app run	{"error": "http: Server closed"}
main.main.func1
	/home/ali/Goland/Project/Dennic/Dennic/dennic_api_gateway/cmd/app/main.go:32
2024-04-30T02:15:29.173+0500	INFO	app/main.go:30	Listen: 	{"address": "localhost:50060"}
2024-04-30T02:21:21.223+0500	INFO	app/main.go:41	api gateway service stops
2024-04-30T02:21:21.223+0500	ERROR	app/main.go:32	app run	{"error": "http: Server closed"}
main.main.func1
	/home/ali/Goland/Project/Dennic/Dennic/dennic_api_gateway/cmd/app/main.go:32
2024-04-30T02:21:23.720+0500	INFO	app/main.go:30	Listen: 	{"address": "localhost:50060"}
2024-04-30T02:29:58.558+0500	INFO	app/main.go:41	api gateway service stops
2024-04-30T02:29:58.559+0500	ERROR	app/main.go:32	app run	{"error": "http: Server closed"}
main.main.func1
	/home/ali/Goland/Project/Dennic/Dennic/dennic_api_gateway/cmd/app/main.go:32
2024-04-30T02:30:01.607+0500	INFO	app/main.go:30	Listen: 	{"address": "localhost:50060"}
2024-04-30T02:31:52.674+0500	INFO	app/main.go:41	api gateway service stops
2024-04-30T02:31:52.675+0500	ERROR	app/main.go:32	app run	{"error": "http: Server closed"}
main.main.func1
	/home/ali/Goland/Project/Dennic/Dennic/dennic_api_gateway/cmd/app/main.go:32
2024-04-30T02:31:55.017+0500	INFO	app/main.go:30	Listen: 	{"address": "localhost:50060"}
2024-04-30T02:35:33.958+0500	INFO	app/main.go:41	api gateway service stops
2024-04-30T02:35:33.959+0500	ERROR	app/main.go:32	app run	{"error": "http: Server closed"}
main.main.func1
	/home/ali/Goland/Project/Dennic/Dennic/dennic_api_gateway/cmd/app/main.go:32
2024-04-30T02:35:37.064+0500	INFO	app/main.go:30	Listen: 	{"address": "localhost:50060"}
2024-04-30T02:36:11.099+0500	INFO	app/main.go:41	api gateway service stops
2024-04-30T02:36:11.100+0500	ERROR	app/main.go:32	app run	{"error": "http: Server closed"}
main.main.func1
	/home/ali/Goland/Project/Dennic/Dennic/dennic_api_gateway/cmd/app/main.go:32
2024-04-30T02:36:13.998+0500	INFO	app/main.go:30	Listen: 	{"address": "localhost:50060"}
2024-04-30T02:42:02.165+0500	INFO	app/main.go:41	api gateway service stops
2024-04-30T02:42:02.165+0500	ERROR	app/main.go:32	app run	{"error": "http: Server closed"}
main.main.func1
	/home/ali/Goland/Project/Dennic/Dennic/dennic_api_gateway/cmd/app/main.go:32
2024-04-30T02:42:05.132+0500	INFO	app/main.go:30	Listen: 	{"address": "localhost:50060"}
2024-04-30T02:42:23.036+0500	INFO	app/main.go:41	api gateway service stops
2024-04-30T02:42:23.036+0500	ERROR	app/main.go:32	app run	{"error": "http: Server closed"}
main.main.func1
	/home/ali/Goland/Project/Dennic/Dennic/dennic_api_gateway/cmd/app/main.go:32
2024-04-30T02:42:26.059+0500	INFO	app/main.go:30	Listen: 	{"address": "localhost:50060"}
2024-04-30T02:44:19.733+0500	INFO	app/main.go:41	api gateway service stops
2024-04-30T02:44:19.734+0500	ERROR	app/main.go:32	app run	{"error": "http: Server closed"}
main.main.func1
	/home/ali/Goland/Project/Dennic/Dennic/dennic_api_gateway/cmd/app/main.go:32
2024-04-30T02:44:23.196+0500	INFO	app/main.go:30	Listen: 	{"address": "localhost:50060"}
